

Microchip Technology PIC18 STD Macro Assembler V1.32 build 58300 
                                                                                               Wed Sep 10 17:34:17 2014

Microchip Technology Omniscient Code Generator (Standard mode) build 58300
     1                           	processor	18F4550
     2                           	fnconf	rparam,??,?,0
     3                           	opt	pw 120
     4                           	opt	sm
     5                           	psect	idataCOMRAM,global,class=CODE,delta=1
     6                           	psect	nvCOMRAM,global,class=COMRAM,space=1,delta=1
     7                           	psect	cinit,global,reloc=2,class=CODE,delta=1
     8                           	psect	bssCOMRAM,global,class=COMRAM,space=1,delta=1
     9                           	psect	dataCOMRAM,global,class=COMRAM,space=1,delta=1
    10                           	psect	cstackCOMRAM,global,class=COMRAM,space=1,delta=1
    11                           	psect	text0,global,reloc=2,class=CODE,delta=1
    12                           	psect	text1,global,reloc=2,class=CODE,delta=1
    13                           	psect	text2,global,reloc=2,class=CODE,delta=1
    14                           	psect	text3,global,reloc=2,class=CODE,delta=1
    15                           	psect	text4,global,reloc=2,class=CODE,delta=1
    16                           	psect	text5,global,reloc=2,class=CODE,delta=1
    17                           	psect	intcode,global,reloc=2,class=CODE,delta=1
    18                           	psect	intcode_body,global,reloc=2,class=CODE,delta=1
    19                           	psect	text7,global,reloc=2,class=CODE,delta=1
    20                           	psect	text8,global,reloc=2,class=CODE,delta=1
    21                           	psect	text9,global,reloc=2,class=CODE,delta=1
    22                           	psect	text10,global,reloc=2,class=CODE,delta=1
    23                           	psect	text11,global,reloc=2,class=CODE,delta=1
    24                           	psect	text12,global,reloc=2,class=CODE,delta=1
    25                           	psect	intsave_regs,global,class=BIGRAM,space=1,delta=1
    26                           	psect	rparam,global,class=COMRAM,space=1,delta=1
    27  0000                     
    28                           	psect	idataCOMRAM
    29  0001F0                     __pidataCOMRAM:
    30                           	opt stack 0
    31                           
    32                           ;initializer for _str_1
    33  0001F0  0A                 	db	10
    34  0001F1  50                 	db	80
    35  0001F2  4F                 	db	79
    36  0001F3  52                 	db	82
    37  0001F4  54                 	db	84
    38  0001F5  42                 	db	66
    39  0001F6  20                 	db	32
    40  0001F7  69                 	db	105
    41  0001F8  6E                 	db	110
    42  0001F9  74                 	db	116
    43  0001FA  65                 	db	101
    44  0001FB  72                 	db	114
    45  0001FC  72                 	db	114
    46  0001FD  75                 	db	117
    47  0001FE  70                 	db	112
    48  0001FF  74                 	db	116
    49  000200  2E                 	db	46
    50  000201  2E                 	db	46
    51  000202  21                 	db	33
    52  0000                     _ADCON1	set	4033
    53  0000                     _INTCON2bits	set	4081
    54  0000                     _INTCONbits	set	4082
    55  0000                     _LATDbits	set	3980
    56  0000                     _PIE1bits	set	3997
    57  0000                     _PIR1bits	set	3998
    58  0000                     _PORTB	set	3969
    59  0000                     _PORTDbits	set	3971
    60  0000                     _RCREG	set	4014
    61  0000                     _RCSTA	set	4011
    62  0000                     _RCSTAbits	set	4011
    63  0000                     _SPBRG	set	4015
    64  0000                     _SPBRGH	set	4016
    65  0000                     _TRISB	set	3987
    66  0000                     _TRISCbits	set	3988
    67  0000                     _TRISDbits	set	3989
    68  0000                     _TXREG	set	4013
    69  0000                     _TXSTA	set	4012
    70  0000                     _TXSTAbits	set	4012
    71                           
    72                           	psect	nvCOMRAM
    73  000032                     __pnvCOMRAM:
    74                           	opt stack 0
    75  000032                     _config1:
    76                           	opt stack 0
    77  000032                     	ds	1
    78                           
    79                           ; #config settings
    80  0000                     
    81                           	psect	cinit
    82  000198                     __pcinit:
    83                           	opt stack 0
    84  000198                     start_initialization:
    85                           	opt stack 0
    86  000198                     __initialization:
    87                           	opt stack 0
    88                           
    89                           ; Clear objects allocated to COMRAM (1 bytes)
    90  000198  6A33               	clrf	__pbssCOMRAM& (0+255),c
    91                           
    92                           ; Initialize objects allocated to COMRAM (19 bytes)
    93                           ; load TBLPTR registers with __pidataCOMRAM
    94  00019A  0EF0               	movlw	low __pidataCOMRAM
    95  00019C  6EF6               	movwf	tblptrl,c
    96  00019E  0E01               	movlw	high __pidataCOMRAM
    97  0001A0  6EF7               	movwf	tblptrh,c
    98  0001A2  0E00               	movlw	low (__pidataCOMRAM shr (0+16))
    99  0001A4  6EF8               	movwf	tblptru,c
   100  0001A6  EE00  F01F         	lfsr	0,__pdataCOMRAM
   101  0001AA  EE10 F013          	lfsr	1,19
   102  0001AE                     copy_data0:
   103  0001AE  0009               	tblrd		*+
   104  0001B0  CFF5 FFEE          	movff	tablat,postinc0
   105  0001B4  50E5               	movf	postdec1,w,c
   106  0001B6  50E1               	movf	fsr1l,w,c
   107  0001B8  E1FA               	bnz	copy_data0
   108  0001BA                     end_of_initialization:
   109                           	opt stack 0
   110  0001BA                     __end_of__initialization:
   111                           	opt stack 0
   112  0001BA  0100               	movlb	0
   113  0001BC  EF98  F000         	goto	_main	;jump to C main() function
   114                           tblptru	equ	0xFF8
   115                           tblptrh	equ	0xFF7
   116                           tblptrl	equ	0xFF6
   117                           tablat	equ	0xFF5
   118                           postinc0	equ	0xFEE
   119                           postdec1	equ	0xFE5
   120                           fsr1l	equ	0xFE1
   121                           
   122                           	psect	bssCOMRAM
   123  000033                     __pbssCOMRAM:
   124                           	opt stack 0
   125  000033                     _USART_Status:
   126                           	opt stack 0
   127  000033                     	ds	1
   128                           tblptru	equ	0xFF8
   129                           tblptrh	equ	0xFF7
   130                           tblptrl	equ	0xFF6
   131                           tablat	equ	0xFF5
   132                           postinc0	equ	0xFEE
   133                           postdec1	equ	0xFE5
   134                           fsr1l	equ	0xFE1
   135                           
   136                           	psect	dataCOMRAM
   137  00001F                     __pdataCOMRAM:
   138                           	opt stack 0
   139  00001F                     _str_1:
   140                           	opt stack 0
   141  00001F                     	ds	19
   142                           tblptru	equ	0xFF8
   143                           tblptrh	equ	0xFF7
   144                           tblptrl	equ	0xFF6
   145                           tablat	equ	0xFF5
   146                           postinc0	equ	0xFEE
   147                           postdec1	equ	0xFE5
   148                           fsr1l	equ	0xFE1
   149                           
   150                           	psect	cstackCOMRAM
   151  000001                     __pcstackCOMRAM:
   152                           	opt stack 0
   153  000001                     WriteUSART@data:
   154                           	opt stack 0
   155  000001                     i2Delay1KTCYx@unit:
   156                           	opt stack 0
   157                           
   158                           ; 1 bytes @ 0x0
   159  000001                     	ds	1
   160  000002                     Write@data:
   161                           	opt stack 0
   162  000002                     i2delay_ms@t:
   163                           	opt stack 0
   164                           
   165                           ; 1 bytes @ 0x1
   166  000002                     	ds	1
   167  000003                     i2delay_ms@i:
   168                           	opt stack 0
   169  000003                     Write_str@c:
   170                           	opt stack 0
   171                           
   172                           ; 2 bytes @ 0x2
   173  000003                     	ds	2
   174  000005                     ??_function:
   175                           
   176                           ; 0 bytes @ 0x4
   177  000005                     	ds	1
   178  000006                     function@i:
   179                           	opt stack 0
   180                           
   181                           ; 1 bytes @ 0x5
   182  000006                     	ds	1
   183  000007                     ??_PORTB_isr:
   184                           
   185                           ; 0 bytes @ 0x6
   186  000007                     	ds	14
   187  000015                     PORTB_isr@c:
   188                           	opt stack 0
   189                           
   190                           ; 1 bytes @ 0x14
   191  000015                     	ds	1
   192  000016                     Delay1KTCYx@unit:
   193                           	opt stack 0
   194  000016                     OpenUSART@spbrg:
   195                           	opt stack 0
   196                           
   197                           ; 2 bytes @ 0x15
   198  000016                     	ds	1
   199  000017                     delay_ms@t:
   200                           	opt stack 0
   201                           
   202                           ; 1 bytes @ 0x16
   203  000017                     	ds	1
   204  000018                     ??_OpenUSART:
   205  000018                     delay_ms@i:
   206                           	opt stack 0
   207                           
   208                           ; 1 bytes @ 0x17
   209  000018                     	ds	3
   210  00001B                     OpenUSART@config:
   211                           	opt stack 0
   212                           
   213                           ; 1 bytes @ 0x1A
   214  00001B                     	ds	1
   215  00001C                     UsartConfig@config2:
   216                           	opt stack 0
   217                           
   218                           ; 1 bytes @ 0x1B
   219  00001C                     	ds	1
   220  00001D                     UsartConfig@config1:
   221                           	opt stack 0
   222                           
   223                           ; 1 bytes @ 0x1C
   224  00001D                     	ds	1
   225  00001E                     ??_main:
   226                           
   227                           ; 0 bytes @ 0x1D
   228  00001E                     	ds	1
   229                           tblptru	equ	0xFF8
   230                           tblptrh	equ	0xFF7
   231                           tblptrl	equ	0xFF6
   232                           tablat	equ	0xFF5
   233                           postinc0	equ	0xFEE
   234                           postdec1	equ	0xFE5
   235                           fsr1l	equ	0xFE1
   236                           
   237 ;;
   238 ;;Main: autosize = 0, tempsize = 1, incstack = 0, save=0
   239 ;;
   240 ;; *************** function _main *****************
   241 ;; Defined at:
   242 ;;		line 109 in file "main.c"
   243 ;; Parameters:    Size  Location     Type
   244 ;;		None
   245 ;; Auto vars:     Size  Location     Type
   246 ;;		None
   247 ;; Return value:  Size  Location     Type
   248 ;;		None               void
   249 ;; Registers used:
   250 ;;		wreg, status,2, status,0, cstack
   251 ;; Tracked objects:
   252 ;;		On entry : 0/0
   253 ;;		On exit  : 0/0
   254 ;;		Unchanged: 0/0
   255 ;; Data sizes:     COMRAM   BANK0   BANK1   BANK2   BANK3   BANK4   BANK5   BANK6   BANK7
   256 ;;      Params:         0       0       0       0       0       0       0       0       0
   257 ;;      Locals:         0       0       0       0       0       0       0       0       0
   258 ;;      Temps:          1       0       0       0       0       0       0       0       0
   259 ;;      Totals:         1       0       0       0       0       0       0       0       0
   260 ;;Total ram usage:        1 bytes
   261 ;; Hardware stack levels required when called:    7
   262 ;; This function calls:
   263 ;;		_Config_interruptPORTB
   264 ;;		_UsartConfig
   265 ;;		_delay_ms
   266 ;; This function is called by:
   267 ;;		Startup code after reset
   268 ;; This function uses a non-reentrant model
   269 ;;
   270                           
   271                           	psect	text0
   272  000130                     __ptext0:
   273                           	opt stack 0
   274  000130                     _main:
   275                           	opt stack 24
   276                           
   277                           ;main.c: 111: TRISB = 0xFF;
   278                           
   279                           ;incstack = 0
   280  000130  6893               	setf	3987,c	;volatile
   281                           
   282                           ;main.c: 112: ADCON1 = 0x0F;
   283  000132  0E0F               	movlw	15
   284  000134  6EC1               	movwf	4033,c	;volatile
   285                           
   286                           ;main.c: 113: TRISDbits.TRISD0 = 0;
   287  000136  9095               	bcf	3989,0,c	;volatile
   288                           
   289                           ;main.c: 114: TRISDbits.TRISD1 = 0;
   290  000138  9295               	bcf	3989,1,c	;volatile
   291                           
   292                           ;main.c: 115: config1 = (0b01111111 & 0b11111111 & 0b11111110 & 0b11111101 & 0b11111111 
      +                          & 0b11101111);
   293  00013A  0E6C               	movlw	108
   294  00013C  6E32               	movwf	_config1,c
   295                           
   296                           ;main.c: 116: Config_interruptPORTB();
   297  00013E  EC29  F001         	call	_Config_interruptPORTB	;wreg free
   298                           
   299                           ;main.c: 117: UsartConfig(config1, ((20000000/9600/64)-1));
   300  000142  0E1F               	movlw	31
   301  000144  6E1C               	movwf	UsartConfig@config2,c
   302  000146  5032               	movf	_config1,w,c
   303  000148  EC1B  F001         	call	_UsartConfig
   304                           
   305                           ;main.c: 118: (INTCONbits.GIE = 1);
   306  00014C  8EF2               	bsf	intcon,7,c	;volatile
   307  00014E                     l907:
   308  00014E  0E01               	movlw	1
   309                           
   310                           ;main.c: 120: {
   311                           ;main.c: 121: LATDbits.LATD0 = ~PORTDbits.RD0;
   312  000150  A083               	btfss	3971,0,c	;volatile
   313  000152  0E00               	movlw	0
   314  000154  0AFF               	xorlw	255
   315  000156  6E1E               	movwf	??_main& (0+255),c
   316  000158  508C               	movf	3980,w,c	;volatile
   317  00015A  181E               	xorwf	??_main,w,c
   318  00015C  0BFE               	andlw	-2
   319  00015E  181E               	xorwf	??_main,w,c
   320  000160  6E8C               	movwf	3980,c	;volatile
   321                           
   322                           ;main.c: 122: delay_ms(200);
   323  000162  0EC8               	movlw	200
   324  000164  ECE0  F000         	call	_delay_ms
   325  000168  D7F2               	goto	l907
   326  00016A                     __end_of_main:
   327                           	opt stack 0
   328                           tblptru	equ	0xFF8
   329                           tblptrh	equ	0xFF7
   330                           tblptrl	equ	0xFF6
   331                           tablat	equ	0xFF5
   332                           intcon	equ	0xFF2
   333                           postinc0	equ	0xFEE
   334                           postdec1	equ	0xFE5
   335                           fsr1l	equ	0xFE1
   336                           
   337 ;; *************** function _delay_ms *****************
   338 ;; Defined at:
   339 ;;		line 18 in file "delay.c"
   340 ;; Parameters:    Size  Location     Type
   341 ;;  t               1    wreg     unsigned char 
   342 ;; Auto vars:     Size  Location     Type
   343 ;;  t               1   22[COMRAM] unsigned char 
   344 ;;  i               1   23[COMRAM] unsigned char 
   345 ;; Return value:  Size  Location     Type
   346 ;;		None               void
   347 ;; Registers used:
   348 ;;		wreg, status,2, status,0, cstack
   349 ;; Tracked objects:
   350 ;;		On entry : 0/0
   351 ;;		On exit  : 0/0
   352 ;;		Unchanged: 0/0
   353 ;; Data sizes:     COMRAM   BANK0   BANK1   BANK2   BANK3   BANK4   BANK5   BANK6   BANK7
   354 ;;      Params:         0       0       0       0       0       0       0       0       0
   355 ;;      Locals:         2       0       0       0       0       0       0       0       0
   356 ;;      Temps:          0       0       0       0       0       0       0       0       0
   357 ;;      Totals:         2       0       0       0       0       0       0       0       0
   358 ;;Total ram usage:        2 bytes
   359 ;; Hardware stack levels used:    1
   360 ;; Hardware stack levels required when called:    6
   361 ;; This function calls:
   362 ;;		_Delay1KTCYx
   363 ;; This function is called by:
   364 ;;		_main
   365 ;;		_Delay_s
   366 ;;		_Delay_ms_
   367 ;; This function uses a non-reentrant model
   368 ;;
   369                           
   370                           	psect	text1
   371  0001C0                     __ptext1:
   372                           	opt stack 0
   373  0001C0                     _delay_ms:
   374                           	opt stack 24
   375                           
   376                           ;incstack = 0
   377                           ;delay_ms@t stored from wreg
   378  0001C0  6E17               	movwf	delay_ms@t,c
   379                           
   380                           ;delay.c: 20: unsigned char i;
   381                           ;delay.c: 21: for (i=0;i<=t;i++)
   382  0001C2  6A18               	clrf	delay_ms@i,c
   383  0001C4  D004               	goto	l883
   384  0001C6                     l879:
   385                           
   386                           ;delay.c: 22: Delay1KTCYx(5);
   387  0001C6  0E05               	movlw	5
   388  0001C8  EC0B  F001         	call	_Delay1KTCYx
   389  0001CC  2A18               	incf	delay_ms@i,f,c
   390  0001CE                     l883:
   391  0001CE  5018               	movf	delay_ms@i,w,c
   392  0001D0  5C17               	subwf	delay_ms@t,w,c
   393  0001D2  A0D8               	btfss	status,0,c
   394                           
   395                           ;delay.c: 26: return;
   396  0001D4  0012               	return	
   397  0001D6  D7F7               	goto	l879
   398  0001D8                     __end_of_delay_ms:
   399                           	opt stack 0
   400                           tblptru	equ	0xFF8
   401                           tblptrh	equ	0xFF7
   402                           tblptrl	equ	0xFF6
   403                           tablat	equ	0xFF5
   404                           intcon	equ	0xFF2
   405                           postinc0	equ	0xFEE
   406                           postdec1	equ	0xFE5
   407                           fsr1l	equ	0xFE1
   408                           status	equ	0xFD8
   409                           
   410 ;; *************** function _Delay1KTCYx *****************
   411 ;; Defined at:
   412 ;;		line 8 in file "C:\Program Files (x86)\Microchip\xc8\v1.32\sources\pic18\d1ktcyx.c"
   413 ;; Parameters:    Size  Location     Type
   414 ;;  unit            1    wreg     unsigned char 
   415 ;; Auto vars:     Size  Location     Type
   416 ;;  unit            1   21[COMRAM] unsigned char 
   417 ;; Return value:  Size  Location     Type
   418 ;;		None               void
   419 ;; Registers used:
   420 ;;		wreg
   421 ;; Tracked objects:
   422 ;;		On entry : 0/0
   423 ;;		On exit  : 0/0
   424 ;;		Unchanged: 0/0
   425 ;; Data sizes:     COMRAM   BANK0   BANK1   BANK2   BANK3   BANK4   BANK5   BANK6   BANK7
   426 ;;      Params:         0       0       0       0       0       0       0       0       0
   427 ;;      Locals:         1       0       0       0       0       0       0       0       0
   428 ;;      Temps:          0       0       0       0       0       0       0       0       0
   429 ;;      Totals:         1       0       0       0       0       0       0       0       0
   430 ;;Total ram usage:        1 bytes
   431 ;; Hardware stack levels used:    1
   432 ;; Hardware stack levels required when called:    5
   433 ;; This function calls:
   434 ;;		Nothing
   435 ;; This function is called by:
   436 ;;		_delay_ms
   437 ;;		_delay_us
   438 ;; This function uses a non-reentrant model
   439 ;;
   440                           
   441                           	psect	text2
   442  000216                     __ptext2:
   443                           	opt stack 0
   444  000216                     _Delay1KTCYx:
   445                           	opt stack 24
   446                           
   447                           ;incstack = 0
   448                           ;Delay1KTCYx@unit stored from wreg
   449  000216  6E16               	movwf	Delay1KTCYx@unit,c
   450  000218                     l408:
   451  000218  0EFA               	movlw	250
   452  00021A                     u407:
   453  00021A  F000               	nop	
   454  00021C  2EE8               	decfsz	wreg,f,c
   455  00021E  D7FD               	goto	u407
   456  000220  2E16               	decfsz	Delay1KTCYx@unit,f,c
   457  000222  D7FA               	goto	l408
   458  000224  0012               	return	
   459  000226                     __end_of_Delay1KTCYx:
   460                           	opt stack 0
   461                           tblptru	equ	0xFF8
   462                           tblptrh	equ	0xFF7
   463                           tblptrl	equ	0xFF6
   464                           tablat	equ	0xFF5
   465                           intcon	equ	0xFF2
   466                           postinc0	equ	0xFEE
   467                           wreg	equ	0xFE8
   468                           postdec1	equ	0xFE5
   469                           fsr1l	equ	0xFE1
   470                           status	equ	0xFD8
   471                           
   472 ;; *************** function _UsartConfig *****************
   473 ;; Defined at:
   474 ;;		line 22 in file "uart.c"
   475 ;; Parameters:    Size  Location     Type
   476 ;;  config1         1    wreg     unsigned char 
   477 ;;  config2         1   27[COMRAM] unsigned char 
   478 ;; Auto vars:     Size  Location     Type
   479 ;;  config1         1   28[COMRAM] unsigned char 
   480 ;; Return value:  Size  Location     Type
   481 ;;		None               void
   482 ;; Registers used:
   483 ;;		wreg, status,2, cstack
   484 ;; Tracked objects:
   485 ;;		On entry : 0/0
   486 ;;		On exit  : 0/0
   487 ;;		Unchanged: 0/0
   488 ;; Data sizes:     COMRAM   BANK0   BANK1   BANK2   BANK3   BANK4   BANK5   BANK6   BANK7
   489 ;;      Params:         1       0       0       0       0       0       0       0       0
   490 ;;      Locals:         1       0       0       0       0       0       0       0       0
   491 ;;      Temps:          0       0       0       0       0       0       0       0       0
   492 ;;      Totals:         2       0       0       0       0       0       0       0       0
   493 ;;Total ram usage:        2 bytes
   494 ;; Hardware stack levels used:    1
   495 ;; Hardware stack levels required when called:    6
   496 ;; This function calls:
   497 ;;		_OpenUSART
   498 ;; This function is called by:
   499 ;;		_main
   500 ;; This function uses a non-reentrant model
   501 ;;
   502                           
   503                           	psect	text3
   504  000236                     __ptext3:
   505                           	opt stack 0
   506  000236                     _UsartConfig:
   507                           	opt stack 24
   508                           
   509                           ;incstack = 0
   510                           ;UsartConfig@config1 stored from wreg
   511  000236  6E1D               	movwf	UsartConfig@config1,c
   512                           
   513                           ;uart.c: 24: OpenUSART( config1, config2);
   514  000238  C01C  F016         	movff	UsartConfig@config2,OpenUSART@spbrg
   515  00023C  6A17               	clrf	OpenUSART@spbrg+1,c
   516  00023E  501D               	movf	UsartConfig@config1,w,c
   517  000240  EF48  F000         	goto	_OpenUSART
   518  000244                     __end_of_UsartConfig:
   519                           	opt stack 0
   520                           tblptru	equ	0xFF8
   521                           tblptrh	equ	0xFF7
   522                           tblptrl	equ	0xFF6
   523                           tablat	equ	0xFF5
   524                           intcon	equ	0xFF2
   525                           postinc0	equ	0xFEE
   526                           wreg	equ	0xFE8
   527                           postdec1	equ	0xFE5
   528                           fsr1l	equ	0xFE1
   529                           status	equ	0xFD8
   530                           
   531 ;; *************** function _OpenUSART *****************
   532 ;; Defined at:
   533 ;;		line 73 in file "C:\Program Files (x86)\Microchip\xc8\v1.32\sources\pic18\plib\USART\uopen.c"
   534 ;; Parameters:    Size  Location     Type
   535 ;;  config          1    wreg     unsigned char 
   536 ;;  spbrg           2   21[COMRAM] unsigned int 
   537 ;; Auto vars:     Size  Location     Type
   538 ;;  config          1   26[COMRAM] unsigned char 
   539 ;; Return value:  Size  Location     Type
   540 ;;		None               void
   541 ;; Registers used:
   542 ;;		wreg, status,2
   543 ;; Tracked objects:
   544 ;;		On entry : 0/0
   545 ;;		On exit  : 0/0
   546 ;;		Unchanged: 0/0
   547 ;; Data sizes:     COMRAM   BANK0   BANK1   BANK2   BANK3   BANK4   BANK5   BANK6   BANK7
   548 ;;      Params:         2       0       0       0       0       0       0       0       0
   549 ;;      Locals:         1       0       0       0       0       0       0       0       0
   550 ;;      Temps:          3       0       0       0       0       0       0       0       0
   551 ;;      Totals:         6       0       0       0       0       0       0       0       0
   552 ;;Total ram usage:        6 bytes
   553 ;; Hardware stack levels used:    1
   554 ;; Hardware stack levels required when called:    5
   555 ;; This function calls:
   556 ;;		Nothing
   557 ;; This function is called by:
   558 ;;		_UsartConfig
   559 ;; This function uses a non-reentrant model
   560 ;;
   561                           
   562                           	psect	text4
   563  000090                     __ptext4:
   564                           	opt stack 0
   565  000090                     _OpenUSART:
   566                           	opt stack 24
   567                           
   568                           ;incstack = 0
   569                           ;OpenUSART@config stored from wreg
   570  000090  6E1B               	movwf	OpenUSART@config,c
   571  000092  6AAC               	clrf	4012,c	;volatile
   572  000094  6AAB               	clrf	4011,c	;volatile
   573  000096  B01B               	btfsc	OpenUSART@config,0,c
   574  000098  88AC               	bsf	4012,4,c	;volatile
   575  00009A  A21B               	btfss	OpenUSART@config,1,c
   576  00009C  D002               	goto	l809
   577  00009E  8CAC               	bsf	4012,6,c	;volatile
   578  0000A0  8CAB               	bsf	4011,6,c	;volatile
   579  0000A2                     l809:
   580  0000A2  B41B               	btfsc	OpenUSART@config,2,c
   581  0000A4  8EAC               	bsf	4012,7,c	;volatile
   582  0000A6  A61B               	btfss	OpenUSART@config,3,c
   583  0000A8  D002               	goto	l150
   584  0000AA  88AB               	bsf	4011,4,c	;volatile
   585  0000AC  D001               	goto	l817
   586  0000AE                     l150:
   587  0000AE  8AAB               	bsf	4011,5,c	;volatile
   588  0000B0                     l817:
   589  0000B0  B81B               	btfsc	OpenUSART@config,4,c
   590  0000B2  84AC               	bsf	4012,2,c	;volatile
   591  0000B4  989E               	bcf	3998,4,c	;volatile
   592  0000B6  BA1B               	btfsc	OpenUSART@config,5,c
   593  0000B8  86AB               	bsf	4011,3,c	;volatile
   594  0000BA  AC1B               	btfss	OpenUSART@config,6,c
   595  0000BC  D002               	goto	l154
   596  0000BE  8A9D               	bsf	3997,5,c	;volatile
   597  0000C0  D001               	goto	l155
   598  0000C2                     l154:
   599  0000C2  9A9D               	bcf	3997,5,c	;volatile
   600  0000C4                     l155:
   601  0000C4  9A9E               	bcf	3998,5,c	;volatile
   602  0000C6  AE1B               	btfss	OpenUSART@config,7,c
   603  0000C8  D002               	goto	l156
   604  0000CA  889D               	bsf	3997,4,c	;volatile
   605  0000CC  D001               	goto	l157
   606  0000CE                     l156:
   607  0000CE  989D               	bcf	3997,4,c	;volatile
   608  0000D0                     l157:
   609  0000D0  C016  FFAF         	movff	OpenUSART@spbrg,4015	;volatile
   610  0000D4  C017  F018         	movff	OpenUSART@spbrg+1,??_OpenUSART
   611  0000D8  C018  F019         	movff	??_OpenUSART,??_OpenUSART+1
   612  0000DC  6A1A               	clrf	(??_OpenUSART+2)& (0+255),c
   613  0000DE  5019               	movf	??_OpenUSART+1,w,c
   614  0000E0  6EB0               	movwf	4016,c	;volatile
   615  0000E2  8AAC               	bsf	4012,5,c	;volatile
   616  0000E4  8EAB               	bsf	4011,7,c	;volatile
   617  0000E6  9C94               	bcf	3988,6,c	;volatile
   618  0000E8  8E94               	bsf	3988,7,c	;volatile
   619  0000EA  B8AC               	btfsc	4012,4,c	;volatile
   620  0000EC  BEAC               	btfsc	4012,7,c	;volatile
   621  0000EE  D001               	goto	l159
   622  0000F0  8C94               	bsf	3988,6,c	;volatile
   623  0000F2                     l159:
   624  0000F2  0012               	return	
   625  0000F4                     __end_of_OpenUSART:
   626                           	opt stack 0
   627                           tblptru	equ	0xFF8
   628                           tblptrh	equ	0xFF7
   629                           tblptrl	equ	0xFF6
   630                           tablat	equ	0xFF5
   631                           intcon	equ	0xFF2
   632                           postinc0	equ	0xFEE
   633                           wreg	equ	0xFE8
   634                           postdec1	equ	0xFE5
   635                           fsr1l	equ	0xFE1
   636                           status	equ	0xFD8
   637                           
   638 ;; *************** function _Config_interruptPORTB *****************
   639 ;; Defined at:
   640 ;;		line 45 in file "main.c"
   641 ;; Parameters:    Size  Location     Type
   642 ;;		None
   643 ;; Auto vars:     Size  Location     Type
   644 ;;		None
   645 ;; Return value:  Size  Location     Type
   646 ;;		None               void
   647 ;; Registers used:
   648 ;;		None
   649 ;; Tracked objects:
   650 ;;		On entry : 0/0
   651 ;;		On exit  : 0/0
   652 ;;		Unchanged: 0/0
   653 ;; Data sizes:     COMRAM   BANK0   BANK1   BANK2   BANK3   BANK4   BANK5   BANK6   BANK7
   654 ;;      Params:         0       0       0       0       0       0       0       0       0
   655 ;;      Locals:         0       0       0       0       0       0       0       0       0
   656 ;;      Temps:          0       0       0       0       0       0       0       0       0
   657 ;;      Totals:         0       0       0       0       0       0       0       0       0
   658 ;;Total ram usage:        0 bytes
   659 ;; Hardware stack levels used:    1
   660 ;; Hardware stack levels required when called:    5
   661 ;; This function calls:
   662 ;;		Nothing
   663 ;; This function is called by:
   664 ;;		_main
   665 ;; This function uses a non-reentrant model
   666 ;;
   667                           
   668                           	psect	text5
   669  000252                     __ptext5:
   670                           	opt stack 0
   671  000252                     _Config_interruptPORTB:
   672                           	opt stack 25
   673                           
   674                           ;main.c: 47: INTCONbits.RBIF = 0;
   675                           
   676                           ;incstack = 0
   677  000252  90F2               	bcf	intcon,0,c	;volatile
   678                           
   679                           ;main.c: 48: INTCON2bits.RBIP= 1;
   680  000254  80F1               	bsf	intcon2,0,c	;volatile
   681                           
   682                           ;main.c: 49: INTCONbits.RBIE = 1;
   683  000256  86F2               	bsf	intcon,3,c	;volatile
   684                           
   685                           ;main.c: 50: INTCONbits.PEIE = 1;
   686  000258  8CF2               	bsf	intcon,6,c	;volatile
   687  00025A  0012               	return	
   688  00025C                     __end_of_Config_interruptPORTB:
   689                           	opt stack 0
   690                           tblptru	equ	0xFF8
   691                           tblptrh	equ	0xFF7
   692                           tblptrl	equ	0xFF6
   693                           tablat	equ	0xFF5
   694                           intcon	equ	0xFF2
   695                           intcon2	equ	0xFF1
   696                           postinc0	equ	0xFEE
   697                           wreg	equ	0xFE8
   698                           postdec1	equ	0xFE5
   699                           fsr1l	equ	0xFE1
   700                           status	equ	0xFD8
   701                           
   702 ;; *************** function _PORTB_isr *****************
   703 ;; Defined at:
   704 ;;		line 96 in file "main.c"
   705 ;; Parameters:    Size  Location     Type
   706 ;;		None
   707 ;; Auto vars:     Size  Location     Type
   708 ;;  c               1   20[COMRAM] unsigned char 
   709 ;; Return value:  Size  Location     Type
   710 ;;		None               void
   711 ;; Registers used:
   712 ;;		wreg, fsr2l, fsr2h, status,2, status,0, cstack
   713 ;; Tracked objects:
   714 ;;		On entry : 0/0
   715 ;;		On exit  : 0/0
   716 ;;		Unchanged: 0/0
   717 ;; Data sizes:     COMRAM   BANK0   BANK1   BANK2   BANK3   BANK4   BANK5   BANK6   BANK7
   718 ;;      Params:         0       0       0       0       0       0       0       0       0
   719 ;;      Locals:         1       0       0       0       0       0       0       0       0
   720 ;;      Temps:         14       0       0       0       0       0       0       0       0
   721 ;;      Totals:        15       0       0       0       0       0       0       0       0
   722 ;;Total ram usage:       15 bytes
   723 ;; Hardware stack levels used:    1
   724 ;; Hardware stack levels required when called:    4
   725 ;; This function calls:
   726 ;;		_function
   727 ;; This function is called by:
   728 ;;		Interrupt level 2
   729 ;; This function uses a non-reentrant model
   730 ;;
   731                           
   732                           	psect	intcode
   733  000008                     __pintcode:
   734                           	opt stack 0
   735  000008                     _PORTB_isr:
   736                           	opt stack 24
   737                           
   738                           ;incstack = 0
   739  000008  CFFA F007          	movff	pclath,??_PORTB_isr
   740  00000C  CFFB F008          	movff	pclatu,??_PORTB_isr+1
   741  000010  CFE9 F009          	movff	fsr0l,??_PORTB_isr+2
   742  000014  ED0E  F000         	call	int_func,f	;refresh shadow registers
   743                           pclatu	equ	0xFFB
   744                           pclath	equ	0xFFA
   745                           tblptru	equ	0xFF8
   746                           tblptrh	equ	0xFF7
   747                           tblptrl	equ	0xFF6
   748                           tablat	equ	0xFF5
   749                           intcon	equ	0xFF2
   750                           intcon2	equ	0xFF1
   751                           postinc0	equ	0xFEE
   752                           fsr0l	equ	0xFE9
   753                           wreg	equ	0xFE8
   754                           postdec1	equ	0xFE5
   755                           fsr1l	equ	0xFE1
   756                           status	equ	0xFD8
   757                           
   758                           	psect	intcode_body
   759  00001C                     __pintcode_body:
   760                           	opt stack 24
   761  00001C                     int_func:
   762                           	opt stack 24
   763  00001C  0006               	pop		; remove dummy address from shadow register refresh
   764  00001E  CFEA F00A          	movff	fsr0h,??_PORTB_isr+3
   765  000022  CFE1 F00B          	movff	fsr1l,??_PORTB_isr+4
   766  000026  CFE2 F00C          	movff	fsr1h,??_PORTB_isr+5
   767  00002A  CFD9 F00D          	movff	fsr2l,??_PORTB_isr+6
   768  00002E  CFDA F00E          	movff	fsr2h,??_PORTB_isr+7
   769  000032  CFF3 F00F          	movff	prodl,??_PORTB_isr+8
   770  000036  CFF4 F010          	movff	prodh,??_PORTB_isr+9
   771  00003A  CFF6 F011          	movff	tblptrl,??_PORTB_isr+10
   772  00003E  CFF7 F012          	movff	tblptrh,??_PORTB_isr+11
   773  000042  CFF8 F013          	movff	tblptru,??_PORTB_isr+12
   774  000046  CFF5 F014          	movff	tablat,??_PORTB_isr+13
   775                           
   776                           ;main.c: 98: unsigned char c;
   777                           ;main.c: 99: if(INTCONbits.RBIF)
   778  00004A  B0F2               	btfsc	intcon,0,c	;volatile
   779                           
   780                           ;main.c: 100: function();
   781  00004C  EC7A  F000         	call	_function	;wreg free
   782                           
   783                           ;main.c: 101: c = PORTB;
   784  000050  CF81 F015          	movff	3969,PORTB_isr@c	;volatile
   785                           
   786                           ;main.c: 102: INTCONbits.RBIF = 0;
   787  000054  90F2               	bcf	intcon,0,c	;volatile
   788  000056  C014  FFF5         	movff	??_PORTB_isr+13,tablat
   789  00005A  C013  FFF8         	movff	??_PORTB_isr+12,tblptru
   790  00005E  C012  FFF7         	movff	??_PORTB_isr+11,tblptrh
   791  000062  C011  FFF6         	movff	??_PORTB_isr+10,tblptrl
   792  000066  C010  FFF4         	movff	??_PORTB_isr+9,prodh
   793  00006A  C00F  FFF3         	movff	??_PORTB_isr+8,prodl
   794  00006E  C00E  FFDA         	movff	??_PORTB_isr+7,fsr2h
   795  000072  C00D  FFD9         	movff	??_PORTB_isr+6,fsr2l
   796  000076  C00C  FFE2         	movff	??_PORTB_isr+5,fsr1h
   797  00007A  C00B  FFE1         	movff	??_PORTB_isr+4,fsr1l
   798  00007E  C00A  FFEA         	movff	??_PORTB_isr+3,fsr0h
   799  000082  C009  FFE9         	movff	??_PORTB_isr+2,fsr0l
   800  000086  C008  FFFB         	movff	??_PORTB_isr+1,pclatu
   801  00008A  C007  FFFA         	movff	??_PORTB_isr,pclath
   802  00008E  0011               	retfie		f
   803  000090                     __end_of_PORTB_isr:
   804                           	opt stack 0
   805                           pclatu	equ	0xFFB
   806                           pclath	equ	0xFFA
   807                           tblptru	equ	0xFF8
   808                           tblptrh	equ	0xFF7
   809                           tblptrl	equ	0xFF6
   810                           tablat	equ	0xFF5
   811                           prodh	equ	0xFF4
   812                           prodl	equ	0xFF3
   813                           intcon	equ	0xFF2
   814                           intcon2	equ	0xFF1
   815                           postinc0	equ	0xFEE
   816                           fsr0h	equ	0xFEA
   817                           fsr0l	equ	0xFE9
   818                           wreg	equ	0xFE8
   819                           postdec1	equ	0xFE5
   820                           fsr1h	equ	0xFE2
   821                           fsr1l	equ	0xFE1
   822                           fsr2h	equ	0xFDA
   823                           fsr2l	equ	0xFD9
   824                           status	equ	0xFD8
   825                           
   826 ;; *************** function _function *****************
   827 ;; Defined at:
   828 ;;		line 53 in file "main.c"
   829 ;; Parameters:    Size  Location     Type
   830 ;;		None
   831 ;; Auto vars:     Size  Location     Type
   832 ;;  i               1    5[COMRAM] unsigned char 
   833 ;; Return value:  Size  Location     Type
   834 ;;		None               void
   835 ;; Registers used:
   836 ;;		wreg, fsr2l, fsr2h, status,2, status,0, cstack
   837 ;; Tracked objects:
   838 ;;		On entry : 0/0
   839 ;;		On exit  : 0/0
   840 ;;		Unchanged: 0/0
   841 ;; Data sizes:     COMRAM   BANK0   BANK1   BANK2   BANK3   BANK4   BANK5   BANK6   BANK7
   842 ;;      Params:         0       0       0       0       0       0       0       0       0
   843 ;;      Locals:         1       0       0       0       0       0       0       0       0
   844 ;;      Temps:          1       0       0       0       0       0       0       0       0
   845 ;;      Totals:         2       0       0       0       0       0       0       0       0
   846 ;;Total ram usage:        2 bytes
   847 ;; Hardware stack levels used:    1
   848 ;; Hardware stack levels required when called:    3
   849 ;; This function calls:
   850 ;;		_Write_str
   851 ;;		i2_delay_ms
   852 ;; This function is called by:
   853 ;;		_PORTB_isr
   854 ;; This function uses a non-reentrant model
   855 ;;
   856                           
   857                           	psect	text7
   858  0000F4                     __ptext7:
   859                           	opt stack 0
   860  0000F4                     _function:
   861                           	opt stack 24
   862                           
   863                           ;main.c: 55: unsigned char i;
   864                           ;main.c: 56: Write_str(str_1);
   865                           
   866                           ;incstack = 0
   867  0000F4  0E00               	movlw	high _str_1
   868  0000F6  6E04               	movwf	Write_str@c+1,c
   869  0000F8  0E1F               	movlw	low _str_1
   870  0000FA  6E03               	movwf	Write_str@c,c
   871  0000FC  ECB5  F000         	call	_Write_str	;wreg free
   872                           
   873                           ;main.c: 57: LATDbits.LATD0 = 0;
   874  000100  908C               	bcf	3980,0,c	;volatile
   875                           
   876                           ;main.c: 58: for(i=0;i<5;i++)
   877  000102  0E00               	movlw	0
   878  000104  6E06               	movwf	function@i,c
   879  000106  D00F               	goto	L1
   880  000108                     i2l1007:
   881  000108  0E01               	movlw	1
   882                           
   883                           ;main.c: 59: {
   884                           ;main.c: 60: LATDbits.LATD1 = ~PORTDbits.RD1;
   885  00010A  A283               	btfss	3971,1,c	;volatile
   886  00010C  0E00               	movlw	0
   887  00010E  0AFF               	xorlw	255
   888  000110  6E05               	movwf	??_function& (0+255),c
   889  000112  4605               	rlncf	??_function,f,c
   890  000114  508C               	movf	3980,w,c	;volatile
   891  000116  1805               	xorwf	??_function,w,c
   892  000118  0BFD               	andlw	-3
   893  00011A  1805               	xorwf	??_function,w,c
   894  00011C  6E8C               	movwf	3980,c	;volatile
   895                           
   896                           ;main.c: 61: delay_ms(200);
   897  00011E  0EC8               	movlw	200
   898  000120  ECEC  F000         	call	i2_delay_ms
   899  000124  2A06               	incf	function@i,f,c
   900  000126                     L1:
   901  000126  0E04               	movlw	4
   902  000128  6406               	cpfsgt	function@i,c
   903  00012A  D7EE               	goto	i2l1007
   904                           
   905                           ;main.c: 62: }
   906                           ;main.c: 63: LATDbits.LATD1 = 0;
   907  00012C  928C               	bcf	3980,1,c	;volatile
   908  00012E  0C04               	retlw	4
   909  000130                     __end_of_function:
   910                           	opt stack 0
   911                           pclatu	equ	0xFFB
   912                           pclath	equ	0xFFA
   913                           tblptru	equ	0xFF8
   914                           tblptrh	equ	0xFF7
   915                           tblptrl	equ	0xFF6
   916                           tablat	equ	0xFF5
   917                           prodh	equ	0xFF4
   918                           prodl	equ	0xFF3
   919                           intcon	equ	0xFF2
   920                           intcon2	equ	0xFF1
   921                           postinc0	equ	0xFEE
   922                           fsr0h	equ	0xFEA
   923                           fsr0l	equ	0xFE9
   924                           wreg	equ	0xFE8
   925                           postdec1	equ	0xFE5
   926                           fsr1h	equ	0xFE2
   927                           fsr1l	equ	0xFE1
   928                           fsr2h	equ	0xFDA
   929                           fsr2l	equ	0xFD9
   930                           status	equ	0xFD8
   931                           
   932 ;; *************** function i2_delay_ms *****************
   933 ;; Defined at:
   934 ;;		line 18 in file "delay.c"
   935 ;; Parameters:    Size  Location     Type
   936 ;;  t               1    wreg     unsigned char 
   937 ;; Auto vars:     Size  Location     Type
   938 ;;  t               1    1[COMRAM] unsigned char 
   939 ;;  delay_ms        1    2[COMRAM] unsigned char 
   940 ;; Return value:  Size  Location     Type
   941 ;;		None               void
   942 ;; Registers used:
   943 ;;		wreg, status,2, status,0, cstack
   944 ;; Tracked objects:
   945 ;;		On entry : 0/0
   946 ;;		On exit  : 0/0
   947 ;;		Unchanged: 0/0
   948 ;; Data sizes:     COMRAM   BANK0   BANK1   BANK2   BANK3   BANK4   BANK5   BANK6   BANK7
   949 ;;      Params:         0       0       0       0       0       0       0       0       0
   950 ;;      Locals:         2       0       0       0       0       0       0       0       0
   951 ;;      Temps:          0       0       0       0       0       0       0       0       0
   952 ;;      Totals:         2       0       0       0       0       0       0       0       0
   953 ;;Total ram usage:        2 bytes
   954 ;; Hardware stack levels used:    1
   955 ;; Hardware stack levels required when called:    1
   956 ;; This function calls:
   957 ;;		i2_Delay1KTCYx
   958 ;; This function is called by:
   959 ;;		_function
   960 ;; This function uses a non-reentrant model
   961 ;;
   962                           
   963                           	psect	text8
   964  0001D8                     __ptext8:
   965                           	opt stack 0
   966  0001D8                     i2_delay_ms:
   967                           	opt stack 25
   968                           
   969                           ;incstack = 0
   970                           ;i2delay_ms@t stored from wreg
   971  0001D8  6E02               	movwf	i2delay_ms@t,c
   972                           
   973                           ;delay.c: 20: unsigned char i;
   974                           ;delay.c: 21: for (i=0;i<=t;i++)
   975  0001DA  6A03               	clrf	i2delay_ms@i,c
   976  0001DC  D004               	goto	i2l995
   977  0001DE                     i2l991:
   978                           
   979                           ;delay.c: 22: Delay1KTCYx(5);
   980  0001DE  0E05               	movlw	5
   981  0001E0  EC13  F001         	call	i2_Delay1KTCYx
   982  0001E4  2A03               	incf	i2delay_ms@i,f,c
   983  0001E6                     i2l995:
   984  0001E6  5003               	movf	i2delay_ms@i,w,c
   985  0001E8  5C02               	subwf	i2delay_ms@t,w,c
   986  0001EA  A0D8               	btfss	status,0,c
   987                           
   988                           ;delay.c: 26: return;
   989  0001EC  0012               	return	
   990  0001EE  D7F7               	goto	i2l991
   991  0001F0                     __end_ofi2_delay_ms:
   992                           	opt stack 0
   993                           pclatu	equ	0xFFB
   994                           pclath	equ	0xFFA
   995                           tblptru	equ	0xFF8
   996                           tblptrh	equ	0xFF7
   997                           tblptrl	equ	0xFF6
   998                           tablat	equ	0xFF5
   999                           prodh	equ	0xFF4
  1000                           prodl	equ	0xFF3
  1001                           intcon	equ	0xFF2
  1002                           intcon2	equ	0xFF1
  1003                           postinc0	equ	0xFEE
  1004                           fsr0h	equ	0xFEA
  1005                           fsr0l	equ	0xFE9
  1006                           wreg	equ	0xFE8
  1007                           postdec1	equ	0xFE5
  1008                           fsr1h	equ	0xFE2
  1009                           fsr1l	equ	0xFE1
  1010                           fsr2h	equ	0xFDA
  1011                           fsr2l	equ	0xFD9
  1012                           status	equ	0xFD8
  1013                           
  1014 ;; *************** function i2_Delay1KTCYx *****************
  1015 ;; Defined at:
  1016 ;;		line 8 in file "C:\Program Files (x86)\Microchip\xc8\v1.32\sources\pic18\d1ktcyx.c"
  1017 ;; Parameters:    Size  Location     Type
  1018 ;;  unit            1    wreg     unsigned char 
  1019 ;; Auto vars:     Size  Location     Type
  1020 ;;  unit            1    0[COMRAM] unsigned char 
  1021 ;; Return value:  Size  Location     Type
  1022 ;;		None               void
  1023 ;; Registers used:
  1024 ;;		wreg
  1025 ;; Tracked objects:
  1026 ;;		On entry : 0/0
  1027 ;;		On exit  : 0/0
  1028 ;;		Unchanged: 0/0
  1029 ;; Data sizes:     COMRAM   BANK0   BANK1   BANK2   BANK3   BANK4   BANK5   BANK6   BANK7
  1030 ;;      Params:         0       0       0       0       0       0       0       0       0
  1031 ;;      Locals:         1       0       0       0       0       0       0       0       0
  1032 ;;      Temps:          0       0       0       0       0       0       0       0       0
  1033 ;;      Totals:         1       0       0       0       0       0       0       0       0
  1034 ;;Total ram usage:        1 bytes
  1035 ;; Hardware stack levels used:    1
  1036 ;; This function calls:
  1037 ;;		Nothing
  1038 ;; This function is called by:
  1039 ;;		i2_delay_ms
  1040 ;; This function uses a non-reentrant model
  1041 ;;
  1042                           
  1043                           	psect	text9
  1044  000226                     __ptext9:
  1045                           	opt stack 0
  1046  000226                     i2_Delay1KTCYx:
  1047                           	opt stack 25
  1048                           
  1049                           ;incstack = 0
  1050                           ;i2Delay1KTCYx@unit stored from wreg
  1051  000226  6E01               	movwf	i2Delay1KTCYx@unit,c
  1052  000228                     i2l408:
  1053  000228  0EFA               	movlw	250
  1054  00022A                     i2u41_47:
  1055  00022A  F000               	nop	
  1056  00022C  2EE8               	decfsz	wreg,f,c
  1057  00022E  D7FD               	goto	i2u41_47
  1058  000230  2E01               	decfsz	i2Delay1KTCYx@unit,f,c
  1059  000232  D7FA               	goto	i2l408
  1060  000234  0012               	return	
  1061  000236                     __end_ofi2_Delay1KTCYx:
  1062                           	opt stack 0
  1063                           pclatu	equ	0xFFB
  1064                           pclath	equ	0xFFA
  1065                           tblptru	equ	0xFF8
  1066                           tblptrh	equ	0xFF7
  1067                           tblptrl	equ	0xFF6
  1068                           tablat	equ	0xFF5
  1069                           prodh	equ	0xFF4
  1070                           prodl	equ	0xFF3
  1071                           intcon	equ	0xFF2
  1072                           intcon2	equ	0xFF1
  1073                           postinc0	equ	0xFEE
  1074                           fsr0h	equ	0xFEA
  1075                           fsr0l	equ	0xFE9
  1076                           wreg	equ	0xFE8
  1077                           postdec1	equ	0xFE5
  1078                           fsr1h	equ	0xFE2
  1079                           fsr1l	equ	0xFE1
  1080                           fsr2h	equ	0xFDA
  1081                           fsr2l	equ	0xFD9
  1082                           status	equ	0xFD8
  1083                           
  1084 ;; *************** function _Write_str *****************
  1085 ;; Defined at:
  1086 ;;		line 33 in file "uart.c"
  1087 ;; Parameters:    Size  Location     Type
  1088 ;;  c               2    2[COMRAM] PTR unsigned char 
  1089 ;;		 -> str_1(19), 
  1090 ;; Auto vars:     Size  Location     Type
  1091 ;;		None
  1092 ;; Return value:  Size  Location     Type
  1093 ;;		None               void
  1094 ;; Registers used:
  1095 ;;		wreg, fsr2l, fsr2h, status,2, status,0, cstack
  1096 ;; Tracked objects:
  1097 ;;		On entry : 0/0
  1098 ;;		On exit  : 0/0
  1099 ;;		Unchanged: 0/0
  1100 ;; Data sizes:     COMRAM   BANK0   BANK1   BANK2   BANK3   BANK4   BANK5   BANK6   BANK7
  1101 ;;      Params:         2       0       0       0       0       0       0       0       0
  1102 ;;      Locals:         0       0       0       0       0       0       0       0       0
  1103 ;;      Temps:          0       0       0       0       0       0       0       0       0
  1104 ;;      Totals:         2       0       0       0       0       0       0       0       0
  1105 ;;Total ram usage:        2 bytes
  1106 ;; Hardware stack levels used:    1
  1107 ;; Hardware stack levels required when called:    2
  1108 ;; This function calls:
  1109 ;;		_Write
  1110 ;;		_WriteUSART
  1111 ;; This function is called by:
  1112 ;;		_function
  1113 ;; This function uses a non-reentrant model
  1114 ;;
  1115                           
  1116                           	psect	text10
  1117  00016A                     __ptext10:
  1118                           	opt stack 0
  1119  00016A                     _Write_str:
  1120                           	opt stack 24
  1121                           
  1122                           ;uart.c: 35: Write(0x0D);
  1123                           
  1124                           ;incstack = 0
  1125  00016A  0E0D               	movlw	13
  1126  00016C  EC22  F001         	call	_Write
  1127                           
  1128                           ;uart.c: 36: while(*c != '\0')
  1129  000170  D00B               	goto	i2l793
  1130  000172                     i2l789:
  1131                           
  1132                           ;uart.c: 37: {
  1133                           ;uart.c: 38: WriteUSART(*c);
  1134  000172  C003  FFD9         	movff	Write_str@c,fsr2l
  1135  000176  C004  FFDA         	movff	Write_str@c+1,fsr2h
  1136  00017A  50DF               	movf	indf2,w,c
  1137  00017C  EC02  F001         	call	_WriteUSART
  1138  000180                     i2l98:
  1139  000180  A2AC               	btfss	4012,1,c	;volatile
  1140  000182  D7FE               	goto	i2l98
  1141                           
  1142                           ;uart.c: 40: c++;
  1143  000184  4A03               	infsnz	Write_str@c,f,c
  1144  000186  2A04               	incf	Write_str@c+1,f,c
  1145  000188                     i2l793:
  1146  000188  C003  FFD9         	movff	Write_str@c,fsr2l
  1147  00018C  C004  FFDA         	movff	Write_str@c+1,fsr2h
  1148  000190  50DF               	movf	indf2,w,c
  1149  000192  B4D8               	btfsc	status,2,c
  1150  000194  0012               	return	
  1151  000196  D7ED               	goto	i2l789
  1152  000198                     __end_of_Write_str:
  1153                           	opt stack 0
  1154                           pclatu	equ	0xFFB
  1155                           pclath	equ	0xFFA
  1156                           tblptru	equ	0xFF8
  1157                           tblptrh	equ	0xFF7
  1158                           tblptrl	equ	0xFF6
  1159                           tablat	equ	0xFF5
  1160                           prodh	equ	0xFF4
  1161                           prodl	equ	0xFF3
  1162                           intcon	equ	0xFF2
  1163                           intcon2	equ	0xFF1
  1164                           postinc0	equ	0xFEE
  1165                           fsr0h	equ	0xFEA
  1166                           fsr0l	equ	0xFE9
  1167                           wreg	equ	0xFE8
  1168                           postdec1	equ	0xFE5
  1169                           fsr1h	equ	0xFE2
  1170                           fsr1l	equ	0xFE1
  1171                           indf2	equ	0xFDF
  1172                           fsr2h	equ	0xFDA
  1173                           fsr2l	equ	0xFD9
  1174                           status	equ	0xFD8
  1175                           
  1176 ;; *************** function _Write *****************
  1177 ;; Defined at:
  1178 ;;		line 27 in file "uart.c"
  1179 ;; Parameters:    Size  Location     Type
  1180 ;;  data            1    wreg     unsigned char 
  1181 ;; Auto vars:     Size  Location     Type
  1182 ;;  data            1    1[COMRAM] unsigned char 
  1183 ;; Return value:  Size  Location     Type
  1184 ;;		None               void
  1185 ;; Registers used:
  1186 ;;		wreg, status,2, cstack
  1187 ;; Tracked objects:
  1188 ;;		On entry : 0/0
  1189 ;;		On exit  : 0/0
  1190 ;;		Unchanged: 0/0
  1191 ;; Data sizes:     COMRAM   BANK0   BANK1   BANK2   BANK3   BANK4   BANK5   BANK6   BANK7
  1192 ;;      Params:         0       0       0       0       0       0       0       0       0
  1193 ;;      Locals:         1       0       0       0       0       0       0       0       0
  1194 ;;      Temps:          0       0       0       0       0       0       0       0       0
  1195 ;;      Totals:         1       0       0       0       0       0       0       0       0
  1196 ;;Total ram usage:        1 bytes
  1197 ;; Hardware stack levels used:    1
  1198 ;; Hardware stack levels required when called:    1
  1199 ;; This function calls:
  1200 ;;		_WriteUSART
  1201 ;; This function is called by:
  1202 ;;		_Write_str
  1203 ;;		_Read_char
  1204 ;;		_Read_string
  1205 ;; This function uses a non-reentrant model
  1206 ;;
  1207                           
  1208                           	psect	text11
  1209  000244                     __ptext11:
  1210                           	opt stack 0
  1211  000244                     _Write:
  1212                           	opt stack 24
  1213                           
  1214                           ;incstack = 0
  1215                           ;Write@data stored from wreg
  1216  000244  6E02               	movwf	Write@data,c
  1217                           
  1218                           ;uart.c: 29: WriteUSART(data);
  1219  000246  5002               	movf	Write@data,w,c
  1220  000248  EC02  F001         	call	_WriteUSART
  1221  00024C                     i2l90:
  1222  00024C  B2AC               	btfsc	4012,1,c	;volatile
  1223  00024E  0012               	return	
  1224  000250  D7FD               	goto	i2l90
  1225  000252                     __end_of_Write:
  1226                           	opt stack 0
  1227                           pclatu	equ	0xFFB
  1228                           pclath	equ	0xFFA
  1229                           tblptru	equ	0xFF8
  1230                           tblptrh	equ	0xFF7
  1231                           tblptrl	equ	0xFF6
  1232                           tablat	equ	0xFF5
  1233                           prodh	equ	0xFF4
  1234                           prodl	equ	0xFF3
  1235                           intcon	equ	0xFF2
  1236                           intcon2	equ	0xFF1
  1237                           postinc0	equ	0xFEE
  1238                           fsr0h	equ	0xFEA
  1239                           fsr0l	equ	0xFE9
  1240                           wreg	equ	0xFE8
  1241                           postdec1	equ	0xFE5
  1242                           fsr1h	equ	0xFE2
  1243                           fsr1l	equ	0xFE1
  1244                           indf2	equ	0xFDF
  1245                           fsr2h	equ	0xFDA
  1246                           fsr2l	equ	0xFD9
  1247                           status	equ	0xFD8
  1248                           
  1249 ;; *************** function _WriteUSART *****************
  1250 ;; Defined at:
  1251 ;;		line 13 in file "C:\Program Files (x86)\Microchip\xc8\v1.32\sources\pic18\plib\USART\uwrite.c"
  1252 ;; Parameters:    Size  Location     Type
  1253 ;;  data            1    wreg     unsigned char 
  1254 ;; Auto vars:     Size  Location     Type
  1255 ;;  data            1    0[COMRAM] unsigned char 
  1256 ;; Return value:  Size  Location     Type
  1257 ;;		None               void
  1258 ;; Registers used:
  1259 ;;		wreg
  1260 ;; Tracked objects:
  1261 ;;		On entry : 0/0
  1262 ;;		On exit  : 0/0
  1263 ;;		Unchanged: 0/0
  1264 ;; Data sizes:     COMRAM   BANK0   BANK1   BANK2   BANK3   BANK4   BANK5   BANK6   BANK7
  1265 ;;      Params:         0       0       0       0       0       0       0       0       0
  1266 ;;      Locals:         1       0       0       0       0       0       0       0       0
  1267 ;;      Temps:          0       0       0       0       0       0       0       0       0
  1268 ;;      Totals:         1       0       0       0       0       0       0       0       0
  1269 ;;Total ram usage:        1 bytes
  1270 ;; Hardware stack levels used:    1
  1271 ;; This function calls:
  1272 ;;		Nothing
  1273 ;; This function is called by:
  1274 ;;		_Write
  1275 ;;		_Write_str
  1276 ;;		_Read_string
  1277 ;; This function uses a non-reentrant model
  1278 ;;
  1279                           
  1280                           	psect	text12
  1281  000204                     __ptext12:
  1282                           	opt stack 0
  1283  000204                     _WriteUSART:
  1284                           	opt stack 25
  1285                           
  1286                           ;incstack = 0
  1287                           ;WriteUSART@data stored from wreg
  1288  000204  6E01               	movwf	WriteUSART@data,c
  1289  000206  ACAC               	btfss	4012,6,c	;volatile
  1290  000208  D003               	goto	i2l779
  1291  00020A  90AC               	bcf	4012,0,c	;volatile
  1292  00020C  B233               	btfsc	_USART_Status,1,c
  1293  00020E  80AC               	bsf	4012,0,c	;volatile
  1294  000210                     i2l779:
  1295  000210  C001  FFAD         	movff	WriteUSART@data,4013	;volatile
  1296  000214  0012               	return	
  1297  000216                     __end_of_WriteUSART:
  1298                           	opt stack 0
  1299  0000                     pclatu	equ	0xFFB
  1300                           pclath	equ	0xFFA
  1301                           tblptru	equ	0xFF8
  1302                           tblptrh	equ	0xFF7
  1303                           tblptrl	equ	0xFF6
  1304                           tablat	equ	0xFF5
  1305                           prodh	equ	0xFF4
  1306                           prodl	equ	0xFF3
  1307                           intcon	equ	0xFF2
  1308                           intcon2	equ	0xFF1
  1309                           postinc0	equ	0xFEE
  1310                           fsr0h	equ	0xFEA
  1311                           fsr0l	equ	0xFE9
  1312                           wreg	equ	0xFE8
  1313                           postdec1	equ	0xFE5
  1314                           fsr1h	equ	0xFE2
  1315                           fsr1l	equ	0xFE1
  1316                           indf2	equ	0xFDF
  1317                           fsr2h	equ	0xFDA
  1318                           fsr2l	equ	0xFD9
  1319                           status	equ	0xFD8
  1320                           pclatu	equ	0xFFB
  1321                           pclath	equ	0xFFA
  1322                           tblptru	equ	0xFF8
  1323                           tblptrh	equ	0xFF7
  1324                           tblptrl	equ	0xFF6
  1325                           tablat	equ	0xFF5
  1326                           prodh	equ	0xFF4
  1327                           prodl	equ	0xFF3
  1328                           intcon	equ	0xFF2
  1329                           intcon2	equ	0xFF1
  1330                           postinc0	equ	0xFEE
  1331                           fsr0h	equ	0xFEA
  1332                           fsr0l	equ	0xFE9
  1333                           wreg	equ	0xFE8
  1334                           postdec1	equ	0xFE5
  1335                           fsr1h	equ	0xFE2
  1336                           fsr1l	equ	0xFE1
  1337                           indf2	equ	0xFDF
  1338                           fsr2h	equ	0xFDA
  1339                           fsr2l	equ	0xFD9
  1340                           status	equ	0xFD8
  1341                           
  1342                           	psect	rparam
  1343  0000                     pclatu	equ	0xFFB
  1344                           pclath	equ	0xFFA
  1345                           tblptru	equ	0xFF8
  1346                           tblptrh	equ	0xFF7
  1347                           tblptrl	equ	0xFF6
  1348                           tablat	equ	0xFF5
  1349                           prodh	equ	0xFF4
  1350                           prodl	equ	0xFF3
  1351                           intcon	equ	0xFF2
  1352                           intcon2	equ	0xFF1
  1353                           postinc0	equ	0xFEE
  1354                           fsr0h	equ	0xFEA
  1355                           fsr0l	equ	0xFE9
  1356                           wreg	equ	0xFE8
  1357                           postdec1	equ	0xFE5
  1358                           fsr1h	equ	0xFE2
  1359                           fsr1l	equ	0xFE1
  1360                           indf2	equ	0xFDF
  1361                           fsr2h	equ	0xFDA
  1362                           fsr2l	equ	0xFD9
  1363                           status	equ	0xFD8


Data Sizes:
    Strings     0
    Constant    0
    Data        19
    BSS         1
    Persistent  1
    Stack       0

Auto Spaces:
    Space          Size  Autos    Used
    COMRAM           95     30      51
    BANK0           160      0       0
    BANK1           256      0       0
    BANK2           256      0       0
    BANK3           256      0       0
    BANK4           256      0       0
    BANK5           256      0       0
    BANK6           256      0       0
    BANK7           256      0       0

Pointer List with Targets:

    Write_str@c	PTR unsigned char  size(2) Largest target is 19
		 -> str_1(COMRAM[19]), 


Critical Paths under _main in COMRAM

    _main->_UsartConfig
    _delay_ms->_Delay1KTCYx
    _UsartConfig->_OpenUSART

Critical Paths under _PORTB_isr in COMRAM

    _PORTB_isr->_function
    _function->_Write_str
    i2_delay_ms->i2_Delay1KTCYx
    _Write_str->_Write
    _Write->_WriteUSART

Critical Paths under _main in BANK0

    None.

Critical Paths under _PORTB_isr in BANK0

    None.

Critical Paths under _main in BANK1

    None.

Critical Paths under _PORTB_isr in BANK1

    None.

Critical Paths under _main in BANK2

    None.

Critical Paths under _PORTB_isr in BANK2

    None.

Critical Paths under _main in BANK3

    None.

Critical Paths under _PORTB_isr in BANK3

    None.

Critical Paths under _main in BANK4

    None.

Critical Paths under _PORTB_isr in BANK4

    None.

Critical Paths under _main in BANK5

    None.

Critical Paths under _PORTB_isr in BANK5

    None.

Critical Paths under _main in BANK6

    None.

Critical Paths under _PORTB_isr in BANK6

    None.

Critical Paths under _main in BANK7

    None.

Critical Paths under _PORTB_isr in BANK7

    None.

Call Graph Tables:

 ---------------------------------------------------------------------------------
 (Depth) Function   	        Calls       Base Space   Used Autos Params    Refs
 ---------------------------------------------------------------------------------
 (0) _main                                                 1     1      0     331
                                             29 COMRAM     1     1      0
              _Config_interruptPORTB
                        _UsartConfig
                           _delay_ms
 ---------------------------------------------------------------------------------
 (1) _delay_ms                                             2     2      0      45
                                             22 COMRAM     2     2      0
                        _Delay1KTCYx
 ---------------------------------------------------------------------------------
 (2) _Delay1KTCYx                                          1     1      0      15
                                             21 COMRAM     1     1      0
 ---------------------------------------------------------------------------------
 (1) _UsartConfig                                          2     1      1     286
                                             27 COMRAM     2     1      1
                          _OpenUSART
 ---------------------------------------------------------------------------------
 (2) _OpenUSART                                            6     4      2     203
                                             21 COMRAM     6     4      2
 ---------------------------------------------------------------------------------
 (1) _Config_interruptPORTB                                0     0      0       0
 ---------------------------------------------------------------------------------
 Estimated maximum stack depth 2
 ---------------------------------------------------------------------------------
 (Depth) Function   	        Calls       Base Space   Used Autos Params    Refs
 ---------------------------------------------------------------------------------
 (3) _PORTB_isr                                           15    15      0     243
                                              6 COMRAM    15    15      0
                           _function
 ---------------------------------------------------------------------------------
 (4) _function                                             2     2      0     242
                                              4 COMRAM     2     2      0
                          _Write_str
                         i2_delay_ms
 ---------------------------------------------------------------------------------
 (5) i2_delay_ms                                           2     2      0      68
                                              1 COMRAM     2     2      0
                      i2_Delay1KTCYx
 ---------------------------------------------------------------------------------
 (6) i2_Delay1KTCYx                                        1     1      0      22
                                              0 COMRAM     1     1      0
 ---------------------------------------------------------------------------------
 (5) _Write_str                                            2     0      2     128
                                              2 COMRAM     2     0      2
                              _Write
                         _WriteUSART
 ---------------------------------------------------------------------------------
 (6) _Write                                                1     1      0      30
                                              1 COMRAM     1     1      0
                         _WriteUSART
 ---------------------------------------------------------------------------------
 (6) _WriteUSART                                           1     1      0      15
                                              0 COMRAM     1     1      0
 ---------------------------------------------------------------------------------
 Estimated maximum stack depth 6
 ---------------------------------------------------------------------------------

 Call Graph Graphs:

 _main (ROOT)
   _Config_interruptPORTB
   _UsartConfig
     _OpenUSART
   _delay_ms
     _Delay1KTCYx

 _PORTB_isr (ROOT)
   _function
     _Write_str
       _Write
         _WriteUSART
       _WriteUSART
     i2_delay_ms
       i2_Delay1KTCYx

 Address spaces:
Name               Size   Autos  Total    Cost      Usage
BIGRAM             7FF      0       0      21        0.0%
EEDATA             100      0       0       0        0.0%
BITBANK7           100      0       0      18        0.0%
BANK7              100      0       0      19        0.0%
BITBANK6           100      0       0      16        0.0%
BANK6              100      0       0      17        0.0%
BITBANK5           100      0       0      14        0.0%
BANK5              100      0       0      15        0.0%
BITBANK4           100      0       0      12        0.0%
BANK4              100      0       0      13        0.0%
BITBANK3           100      0       0      10        0.0%
BANK3              100      0       0      11        0.0%
BITBANK2           100      0       0       8        0.0%
BANK2              100      0       0       9        0.0%
BITBANK1           100      0       0       6        0.0%
BANK1              100      0       0       7        0.0%
BITBANK0            A0      0       0       4        0.0%
BANK0               A0      0       0       5        0.0%
BITCOMRAM           5F      0       0       0        0.0%
COMRAM              5F     1E      33       1       53.7%
BITSFR               0      0       0      40        0.0%
SFR                  0      0       0      40        0.0%
STACK                0      0       0       2        0.0%
NULL                 0      0       0       0        0.0%
ABS                  0      0      33      20        0.0%
DATA                 0      0      33       3        0.0%
CODE                 0      0       0       0        0.0%


Microchip Technology PIC18 Macro Assembler V1.32 build 58300 
Symbol Table                                                                                   Wed Sep 10 17:34:17 2014

         _Config_interruptPORTB 0252                     __CFG_BOR$ON 000000                     __CFG_BORV$3 000000  
                  __CFG_CP0$OFF 000000                    __CFG_CP1$OFF 000000                    __CFG_CP2$OFF 000000  
                  __CFG_CP3$OFF 000000                             l150 00AE                             l154 00C2  
                           l155 00C4                             l156 00CE                             l157 00D0  
                           l159 00F2                             l408 0218                             l817 00B0  
                           l809 00A2                             l907 014E                             l883 01CE  
                           l879 01C6                    __CFG_CPB$OFF 000000                             u407 021A  
                  __CFG_CPD$OFF 000000                             wreg 000FE8                    __CFG_FOSC$HS 000000  
                    i2_delay_ms 01D8                    __CFG_LVP$OFF 000000                    __CFG_WDT$OFF 000000  
                          i2l90 024C                            i2l98 0180                            _main 0130  
                          fsr0h 000FEA                            fsr1h 000FE2                            fsr0l 000FE9  
                          fsr2h 000FDA                            fsr1l 000FE1                            indf2 000FDF  
                          fsr2l 000FD9                            pclat 000FFA                            prodh 000FF4  
                          prodl 000FF3                            start 0018                   __CFG_IESO$OFF 000000  
                 __CFG_MCLRE$ON 000000                     _Delay1KTCYx 0216                   __CFG_PLLDIV$5 000000  
                         ?_main 0001                           i2l408 0228                           i2l793 0188  
                         i2l779 0210                           i2l789 0172                           i2l991 01DE  
                         i2l995 01E6                           _RCREG 000FAE                           _RCSTA 000FAB  
                         _SPBRG 000FAF                           _PORTB 000F81                   __CFG_USBDIV$1 000000  
                         _TRISB 000F93                           _TXREG 000FAD                           _TXSTA 000FAC  
                 __CFG_PWRT$OFF 000000                   __CFG_WRT0$OFF 000000                   __CFG_WRT1$OFF 000000  
                 __CFG_WRT2$OFF 000000                   __CFG_WRT3$OFF 000000                  __CFG_EBTR0$OFF 000000  
                __CFG_FCMEN$OFF 000000                  __CFG_EBTR1$OFF 000000                  __CFG_EBTR2$OFF 000000  
                __CFG_EBTR3$OFF 000000                   __CFG_WRTB$OFF 000000                   __CFG_WRTC$OFF 000000  
                 __CFG_WRTD$OFF 000000                           _Write 0244                  __CFG_EBTRB$OFF 000000  
            __size_of_PORTB_isr 0088                           _str_1 001F                           tablat 000FF5  
                         status 000FD8                     i2delay_ms@i 0003                     i2delay_ms@t 0002  
                __CFG_ICPRT$OFF 000000                  WriteUSART@data 0001                 __initialization 0198  
                  __end_of_main 016A          ?_Config_interruptPORTB 0001                          ??_main 001E  
                 __activetblptr 000000                     ?i2_delay_ms 0001                 __CFG_CCP2MX$OFF 000000  
                        ?_Write 0001                          _ADCON1 000FC1                          i2l1007 0108  
                        _SPBRGH 000FB0                __end_of_delay_ms 01D8                  __CFG_XINST$OFF 000000  
            __size_of_OpenUSART 0064               __end_of_PORTB_isr 0090                  __CFG_STVREN$ON 000000  
         __end_ofi2_Delay1KTCYx 0236                __end_of_function 0130                    __pdataCOMRAM 001F  
                        tblptrh 000FF7                          tblptrl 000FF6                          tblptru 000FF8  
                    __accesstop 0060         __end_of__initialization 01BA                 __CFG_PBADEN$OFF 000000  
            __size_of_Write_str 002E                      _WriteUSART 0204                  __pcstackCOMRAM 0001  
           __size_ofi2_delay_ms 0018                   __end_of_Write 0252                   ??_UsartConfig 001D  
                       ??_Write 0002               __end_of_OpenUSART 00F4               i2Delay1KTCYx@unit 0001  
                    __pnvCOMRAM 0032                      Write_str@c 0003                    ?_Delay1KTCYx 0001  
             __end_of_Write_str 0198                       ?_delay_ms 0001                         i2u41_47 022A  
           __end_of_UsartConfig 0244                 __CFG_VREGEN$OFF 000000                       ?_function 0001  
       ??_Config_interruptPORTB 0016                         __Hparam 0000                         __Lparam 0000  
                   ?_WriteUSART 0001                         __pcinit 0198                         __ramtop 0800  
                       __ptext0 0130                         __ptext1 01C0                         __ptext2 0216  
                       __ptext3 0236                         __ptext4 0090                         __ptext5 0252  
                       __ptext7 00F4                         __ptext8 01D8                         __ptext9 0226  
                       _config1 0032                    ??i2_delay_ms 0002                      ??_delay_ms 0017  
                __pintcode_body 001C            end_of_initialization 01BA                         int_func 001C  
                    ??_function 0005                       _RCSTAbits 000FAB                         postdec1 000FE5  
                       postinc0 000FEE              __end_ofi2_delay_ms 01F0                       _PORTB_isr 0008  
                     _PORTDbits 000F83              UsartConfig@config1 001D              UsartConfig@config2 001C  
                   _UsartConfig 0236                       _TRISCbits 000F94                       _TRISDbits 000F95  
           __size_of_WriteUSART 0012                       _TXSTAbits 000FAC                   __pidataCOMRAM 01F0  
                    ?_PORTB_isr 0001            __size_of_Delay1KTCYx 0010             start_initialization 0198  
                     _OpenUSART 0090          __size_ofi2_Delay1KTCYx 0010                __CFG_LPT1OSC$OFF 000000  
                   __pbssCOMRAM 0033                       _Write_str 016A               __size_of_delay_ms 0018  
               Delay1KTCYx@unit 0016                      ?_OpenUSART 0016                       Write@data 0002  
             __size_of_function 003C  __size_of_Config_interruptPORTB 000A                    ??_WriteUSART 0001  
 __end_of_Config_interruptPORTB 025C                       __pintcode 0008                     ??_PORTB_isr 0007  
                 i2_Delay1KTCYx 0226                  __size_of_Write 000E                      ?_Write_str 0003  
            __end_of_WriteUSART 0216                        _LATDbits 000F8C                       delay_ms@i 0018  
                     delay_ms@t 0017                      PORTB_isr@c 0015                        _PIE1bits 000F9D  
                      _PIR1bits 000F9E                __CFG_WDTPS$32768 000000                  ?i2_Delay1KTCYx 0001  
                  ?_UsartConfig 001C                     _INTCON2bits 000FF1                       copy_data0 01AE  
                   ??_OpenUSART 0018                 OpenUSART@config 001B                        __Hrparam 0000  
                      __Lrparam 0000                       function@i 0006                        _delay_ms 01C0  
                      __ptext10 016A                        __ptext11 0244                        __ptext12 0204  
                   ??_Write_str 0005                   __size_of_main 003A                        _function 00F4  
               ??i2_Delay1KTCYx 0001                   ??_Delay1KTCYx 0016           __CFG_CPUDIV$OSC1_PLL2 000000  
                    _INTCONbits 000FF2                  OpenUSART@spbrg 0016                        intlevel2 0000  
           __end_of_Delay1KTCYx 0226            __size_of_UsartConfig 000E                    _USART_Status 0033  
